<?xml version="1.0" encoding="UTF-8"?>
<robot generator="Robot 4.1.3 (Python 3.9.7 on darwin)" generated="20220303 08:55:54.865" rpa="false" schemaversion="2">
<suite id="s1" name="Android" source="/Users/qa_tester/Desktop/MBC-APP/Tests/MBC/Android">
<suite id="s1-s1" name="Edit Profile" source="/Users/qa_tester/Desktop/MBC-APP/Tests/MBC/Android/edit_profile.robot">
<kw name="Open MBC Application" library="resources" type="SETUP">
<kw name="Open Application" library="AppiumLibrary">
<arg>http://localhost:4723/wd/hub</arg>
<arg>platformName=Android</arg>
<arg>appPackage=${MBC-APPLICATION-ID}</arg>
<arg>appActivity=${MBC-APPLICATION-ACTIVITY}</arg>
<arg>udid=${ADB_NAME}</arg>
<arg>automationName=Uiautomator2</arg>
<doc>Opens a new application to given Appium server.
Capabilities of appium server, Android and iOS,
Please check https://github.com/appium/appium/blob/master/docs/en/writing-running-appium/server-args.md
| *Option*            | *Man.* | *Description*     |
| remote_url          | Yes    | Appium server url |
| alias               | no     | alias             |</doc>
<status status="PASS" starttime="20220303 08:55:57.315" endtime="20220303 08:56:14.038"/>
</kw>
<status status="PASS" starttime="20220303 08:55:57.314" endtime="20220303 08:56:14.039"/>
</kw>
<test id="s1-s1-t1" name="Edit Profile test case">
<kw name="Launch Application" library="AppiumLibrary" type="SETUP">
<doc>Launch application. Application can be launched while Appium session running.
This keyword can be used to launch application during test case or between test cases.</doc>
<status status="PASS" starttime="20220303 08:56:14.043" endtime="20220303 08:56:18.698"/>
</kw>
<kw name="Go To Login Screen" library="resources">
<arg>${LOGIN_BUTTON}</arg>
<kw name="Sleep" library="BuiltIn">
<arg>5</arg>
<doc>Pauses the test executed for the given time.</doc>
<msg timestamp="20220303 08:56:23.700" level="INFO">Slept 5 seconds</msg>
<status status="PASS" starttime="20220303 08:56:18.699" endtime="20220303 08:56:23.700"/>
</kw>
<kw name="Submit Login Button" library="resources">
<arg>${BUTTON}</arg>
<kw name="Sleep" library="BuiltIn">
<arg>5</arg>
<doc>Pauses the test executed for the given time.</doc>
<msg timestamp="20220303 08:56:28.705" level="INFO">Slept 5 seconds</msg>
<status status="PASS" starttime="20220303 08:56:23.702" endtime="20220303 08:56:28.705"/>
</kw>
<kw name="Page Should Contain Element" library="AppiumLibrary">
<arg>${BUTTON}</arg>
<doc>Verifies that current page contains `locator` element.</doc>
<msg timestamp="20220303 08:56:29.232" level="INFO">Current page contains element '//android.widget.TextView[@text='LOG IN']'.</msg>
<status status="PASS" starttime="20220303 08:56:28.706" endtime="20220303 08:56:29.232"/>
</kw>
<kw name="Tap The Element" library="resources">
<arg>${BUTTON}</arg>
<kw name="Wait Until Page Contains Element" library="AppiumLibrary">
<arg>${locator}</arg>
<doc>Waits until element specified with `locator` appears on current page.</doc>
<status status="PASS" starttime="20220303 08:56:29.233" endtime="20220303 08:56:29.517"/>
</kw>
<kw name="Click Element" library="AppiumLibrary">
<arg>${locator}</arg>
<doc>Click element identified by `locator`.</doc>
<msg timestamp="20220303 08:56:29.524" level="INFO">Clicking element '//android.widget.TextView[@text='LOG IN']'.</msg>
<status status="PASS" starttime="20220303 08:56:29.517" endtime="20220303 08:56:29.890"/>
</kw>
<status status="PASS" starttime="20220303 08:56:29.232" endtime="20220303 08:56:29.890"/>
</kw>
<status status="PASS" starttime="20220303 08:56:23.701" endtime="20220303 08:56:29.890"/>
</kw>
<status status="PASS" starttime="20220303 08:56:18.698" endtime="20220303 08:56:29.891"/>
</kw>
<kw name="Sign with User" library="resources">
<arg>${USER_DETAILS}[email]</arg>
<arg>${LOGIN_EMAIL_FIELD}</arg>
<arg>${USER_DETAILS}[password]</arg>
<arg>${LOGIN_PASSWORD_FIELD}</arg>
<kw name="Input User Email" library="resources">
<arg>${EMAIL}</arg>
<arg>${EMAIL_FIELD}</arg>
<kw name="Run Keyword Until Success" library="resources">
<arg>Wait Until Page Contains Element</arg>
<arg>${FIELD}</arg>
<kw name="Wait Until Keyword Succeeds" library="BuiltIn">
<arg>5s</arg>
<arg>1s</arg>
<arg>${KW}</arg>
<arg>@{KWARGS}</arg>
<doc>Runs the specified keyword and retries if it fails.</doc>
<kw name="Wait Until Page Contains Element" library="AppiumLibrary">
<arg>@{KWARGS}</arg>
<doc>Waits until element specified with `locator` appears on current page.</doc>
<status status="PASS" starttime="20220303 08:56:29.894" endtime="20220303 08:56:31.430"/>
</kw>
<status status="PASS" starttime="20220303 08:56:29.893" endtime="20220303 08:56:31.430"/>
</kw>
<status status="PASS" starttime="20220303 08:56:29.893" endtime="20220303 08:56:31.431"/>
</kw>
<kw name="Run Keyword Until Success" library="resources">
<arg>Input Text</arg>
<arg>${FIELD}</arg>
<arg>${EMAIL}</arg>
<kw name="Wait Until Keyword Succeeds" library="BuiltIn">
<arg>5s</arg>
<arg>1s</arg>
<arg>${KW}</arg>
<arg>@{KWARGS}</arg>
<doc>Runs the specified keyword and retries if it fails.</doc>
<kw name="Input Text" library="AppiumLibrary">
<arg>@{KWARGS}</arg>
<doc>Types the given `text` into text field identified by `locator`.</doc>
<msg timestamp="20220303 08:56:31.438" level="INFO">Typing text 'bliimocheck@mailinator.com' into text field '//android.widget.EditText[@text='Email']'</msg>
<status status="PASS" starttime="20220303 08:56:31.432" endtime="20220303 08:56:32.286"/>
</kw>
<status status="PASS" starttime="20220303 08:56:31.432" endtime="20220303 08:56:32.286"/>
</kw>
<status status="PASS" starttime="20220303 08:56:31.431" endtime="20220303 08:56:32.287"/>
</kw>
<status status="PASS" starttime="20220303 08:56:29.892" endtime="20220303 08:56:32.287"/>
</kw>
<kw name="Input User Password" library="resources">
<arg>${USERPASSWORD}</arg>
<arg>${PASSWORD_FIELD}</arg>
<kw name="Run Keyword Until Success" library="resources">
<arg>Wait Until Page Contains Element</arg>
<arg>${FIELD}</arg>
<kw name="Wait Until Keyword Succeeds" library="BuiltIn">
<arg>5s</arg>
<arg>1s</arg>
<arg>${KW}</arg>
<arg>@{KWARGS}</arg>
<doc>Runs the specified keyword and retries if it fails.</doc>
<kw name="Wait Until Page Contains Element" library="AppiumLibrary">
<arg>@{KWARGS}</arg>
<doc>Waits until element specified with `locator` appears on current page.</doc>
<status status="PASS" starttime="20220303 08:56:32.289" endtime="20220303 08:56:33.051"/>
</kw>
<status status="PASS" starttime="20220303 08:56:32.289" endtime="20220303 08:56:33.051"/>
</kw>
<status status="PASS" starttime="20220303 08:56:32.288" endtime="20220303 08:56:33.051"/>
</kw>
<kw name="Run Keyword Until Success" library="resources">
<arg>Input Password</arg>
<arg>${FIELD}</arg>
<arg>${PASSWORD}</arg>
<kw name="Wait Until Keyword Succeeds" library="BuiltIn">
<arg>5s</arg>
<arg>1s</arg>
<arg>${KW}</arg>
<arg>@{KWARGS}</arg>
<doc>Runs the specified keyword and retries if it fails.</doc>
<kw name="Input Password" library="AppiumLibrary">
<arg>@{KWARGS}</arg>
<doc>Types the given password into text field identified by `locator`.</doc>
<msg timestamp="20220303 08:56:33.058" level="INFO">Typing password into text field '//android.widget.EditText[@text='Password']'</msg>
<status status="PASS" starttime="20220303 08:56:33.052" endtime="20220303 08:56:33.401"/>
</kw>
<status status="PASS" starttime="20220303 08:56:33.052" endtime="20220303 08:56:33.401"/>
</kw>
<status status="PASS" starttime="20220303 08:56:33.051" endtime="20220303 08:56:33.402"/>
</kw>
<status status="PASS" starttime="20220303 08:56:32.287" endtime="20220303 08:56:33.402"/>
</kw>
<status status="PASS" starttime="20220303 08:56:29.891" endtime="20220303 08:56:33.402"/>
</kw>
<kw name="Submit Login Button" library="resources">
<arg>${LOGIN_BUTTON}</arg>
<kw name="Sleep" library="BuiltIn">
<arg>5</arg>
<doc>Pauses the test executed for the given time.</doc>
<msg timestamp="20220303 08:56:38.404" level="INFO">Slept 5 seconds</msg>
<status status="PASS" starttime="20220303 08:56:33.403" endtime="20220303 08:56:38.404"/>
</kw>
<kw name="Page Should Contain Element" library="AppiumLibrary">
<arg>${BUTTON}</arg>
<doc>Verifies that current page contains `locator` element.</doc>
<msg timestamp="20220303 08:56:38.700" level="INFO">Current page contains element '//android.widget.TextView[@text='LOG IN']'.</msg>
<status status="PASS" starttime="20220303 08:56:38.404" endtime="20220303 08:56:38.700"/>
</kw>
<kw name="Tap The Element" library="resources">
<arg>${BUTTON}</arg>
<kw name="Wait Until Page Contains Element" library="AppiumLibrary">
<arg>${locator}</arg>
<doc>Waits until element specified with `locator` appears on current page.</doc>
<status status="PASS" starttime="20220303 08:56:38.700" endtime="20220303 08:56:38.919"/>
</kw>
<kw name="Click Element" library="AppiumLibrary">
<arg>${locator}</arg>
<doc>Click element identified by `locator`.</doc>
<msg timestamp="20220303 08:56:38.926" level="INFO">Clicking element '//android.widget.TextView[@text='LOG IN']'.</msg>
<status status="PASS" starttime="20220303 08:56:38.919" endtime="20220303 08:56:39.201"/>
</kw>
<status status="PASS" starttime="20220303 08:56:38.700" endtime="20220303 08:56:39.201"/>
</kw>
<status status="PASS" starttime="20220303 08:56:33.402" endtime="20220303 08:56:39.201"/>
</kw>
<kw name="Handle Modals" library="resources">
<arg>${MODAL_LOGGED_IN_ANOTHER_DEVICE}</arg>
<arg>${USE_HERE_BUTTON}</arg>
<kw name="Run Keyword And Return Status" library="BuiltIn">
<var>${PASSED}</var>
<arg>Wait Until Page Contains Element</arg>
<arg>${MODAL_NAME}</arg>
<doc>Runs the given keyword with given arguments and returns the status as a Boolean value.</doc>
<kw name="Wait Until Page Contains Element" library="AppiumLibrary">
<arg>${MODAL_NAME}</arg>
<doc>Waits until element specified with `locator` appears on current page.</doc>
<status status="PASS" starttime="20220303 08:56:39.203" endtime="20220303 08:56:40.524"/>
</kw>
<msg timestamp="20220303 08:56:40.524" level="INFO">${PASSED} = True</msg>
<status status="PASS" starttime="20220303 08:56:39.202" endtime="20220303 08:56:40.524"/>
</kw>
<kw name="Run Keyword If" library="BuiltIn">
<arg>${PASSED} == True</arg>
<arg>Tap The Element</arg>
<arg>${BUTTON}</arg>
<doc>Runs the given keyword with the given arguments, if ``condition`` is true.</doc>
<kw name="Tap The Element" library="resources">
<arg>${BUTTON}</arg>
<kw name="Wait Until Page Contains Element" library="AppiumLibrary">
<arg>${locator}</arg>
<doc>Waits until element specified with `locator` appears on current page.</doc>
<status status="PASS" starttime="20220303 08:56:40.526" endtime="20220303 08:56:40.619"/>
</kw>
<kw name="Click Element" library="AppiumLibrary">
<arg>${locator}</arg>
<doc>Click element identified by `locator`.</doc>
<msg timestamp="20220303 08:56:40.626" level="INFO">Clicking element '//android.widget.TextView[@text='USE HERE']'.</msg>
<status status="PASS" starttime="20220303 08:56:40.619" endtime="20220303 08:56:40.761"/>
</kw>
<status status="PASS" starttime="20220303 08:56:40.525" endtime="20220303 08:56:40.761"/>
</kw>
<status status="PASS" starttime="20220303 08:56:40.524" endtime="20220303 08:56:40.762"/>
</kw>
<status status="PASS" starttime="20220303 08:56:39.202" endtime="20220303 08:56:40.762"/>
</kw>
<kw name="Run Keyword And Return Status" library="BuiltIn">
<var>${PASSED}</var>
<arg>Wait Until Page Contains Element</arg>
<arg>${VERIFICATION_MODAL}</arg>
<doc>Runs the given keyword with given arguments and returns the status as a Boolean value.</doc>
<kw name="Wait Until Page Contains Element" library="AppiumLibrary">
<arg>${VERIFICATION_MODAL}</arg>
<doc>Waits until element specified with `locator` appears on current page.</doc>
<kw name="Capture Page Screenshot" library="AppiumLibrary">
<doc>Takes a screenshot of the current page and embeds it into the log.</doc>
<msg timestamp="20220303 08:56:48.585" level="INFO" html="true">&lt;/td&gt;&lt;/tr&gt;&lt;tr&gt;&lt;td colspan="3"&gt;&lt;a href="appium-screenshot-1.png"&gt;&lt;img src="appium-screenshot-1.png" width="800px"&gt;&lt;/a&gt;</msg>
<status status="PASS" starttime="20220303 08:56:46.270" endtime="20220303 08:56:48.585"/>
</kw>
<msg timestamp="20220303 08:56:48.587" level="FAIL">Element '//android.widget.TextView[@text='VERIFICATION!']' did not appear in 5 seconds</msg>
<status status="FAIL" starttime="20220303 08:56:40.763" endtime="20220303 08:56:48.587"/>
</kw>
<msg timestamp="20220303 08:56:48.587" level="INFO">${PASSED} = False</msg>
<status status="PASS" starttime="20220303 08:56:40.762" endtime="20220303 08:56:48.587"/>
</kw>
<kw name="Run Keyword If" library="BuiltIn">
<arg>'${PASSED}' == 'True'</arg>
<arg>Handle Verification</arg>
<doc>Runs the given keyword with the given arguments, if ``condition`` is true.</doc>
<status status="PASS" starttime="20220303 08:56:48.587" endtime="20220303 08:56:48.588"/>
</kw>
<kw name="Tap The Skip Tutorial" library="resources">
<arg>${SKIP_TUTORIAL}</arg>
<kw name="Log To Console" library="BuiltIn">
<arg>'Not Displaying the Game Tutorial'</arg>
<doc>Logs the given message to the console.</doc>
<status status="PASS" starttime="20220303 08:56:48.588" endtime="20220303 08:56:48.589"/>
</kw>
<status status="PASS" starttime="20220303 08:56:48.588" endtime="20220303 08:56:48.589"/>
</kw>
<kw name="Sleep" library="BuiltIn">
<arg>5</arg>
<doc>Pauses the test executed for the given time.</doc>
<msg timestamp="20220303 08:56:53.592" level="INFO">Slept 5 seconds</msg>
<status status="PASS" starttime="20220303 08:56:48.589" endtime="20220303 08:56:53.592"/>
</kw>
<kw name="Swipe" library="AppiumLibrary">
<arg>5</arg>
<arg>173</arg>
<arg>176</arg>
<arg>178</arg>
<doc>Swipe from one point to another point, for an optional duration.</doc>
<status status="PASS" starttime="20220303 08:56:53.593" endtime="20220303 08:56:54.852"/>
</kw>
<kw name="Tap The Element" library="resources">
<arg>//android.widget.TextView[@text='Edit Profile']</arg>
<kw name="Wait Until Page Contains Element" library="AppiumLibrary">
<arg>${locator}</arg>
<doc>Waits until element specified with `locator` appears on current page.</doc>
<msg timestamp="20220303 08:57:00.124" level="INFO">&lt;?xml version='1.0' encoding='UTF-8' standalone='yes' ?&gt;
&lt;hierarchy index="0" class="hierarchy" rotation="0" width="720" height="1280"&gt;
  &lt;android.widget.FrameLayout index="0" package="com.mbcapp" class="android.widget.FrameLayout" text="" checkable="false" checked="false" clickable="false" enabled="true" focusable="false" focused="false" long-clickable="false" password="false" scrollable="false" selected="false" bounds="[0,0][720,1280]" displayed="true"&gt;
    &lt;android.widget.LinearLayout index="0" package="com.mbcapp" class="android.widget.LinearLayout" text="" checkable="false" checked="false" clickable="false" enabled="true" focusable="false" focused="false" long-clickable="false" password="false" scrollable="false" selected="false" bounds="[0,0][720,1280]" displayed="true"&gt;
      &lt;android.widget.FrameLayout index="0" package="com.mbcapp" class="android.widget.FrameLayout" text="" resource-id="android:id/content" checkable="false" checked="false" clickable="false" enabled="true" focusable="false" focused="false" long-clickable="false" password="false" scrollable="false" selected="false" bounds="[0,48][720,1280]" displayed="true"&gt;
        &lt;android.widget.FrameLayout index="0" package="com.mbcapp" class="android.widget.FrameLayout" text="" checkable="false" checked="false" clickable="false" enabled="true" focusable="false" focused="false" long-clickable="false" password="false" scrollable="false" selected="false" bounds="[0,48][720,1280]" displayed="true"&gt;
          &lt;android.view.ViewGroup index="0" package="com.mbcapp" class="android.view.ViewGroup" text="" checkable="false" checked="false" clickable="false" enabled="true" focusable="false" focused="false" long-clickable="false" password="false" scrollable="false" selected="false" bounds="[0,48][720,1280]" displayed="true"&gt;
            &lt;android.view.ViewGroup index="0" package="com.mbcapp" class="android.view.ViewGroup" text="" checkable="false" checked="false" clickable="false" enabled="true" focusable="false" focused="false" long-clickable="false" password="false" scrollable="false" selected="false" bounds="[0,48][720,1280]" displayed="true"&gt;
              &lt;android.view.ViewGroup index="0" package="com.mbcapp" class="android.view.ViewGroup" text="" checkable="false" checked="false" clickable="false" enabled="true" focusable="false" focused="false" long-clickable="false" password="false" scrollable="false" selected="false" bounds="[0,48][720,1280]" displayed="true"&gt;
                &lt;android.widget.HorizontalScrollView index="0" package="com.mbcapp" class="android.widget.HorizontalScrollView" text="" checkable="false" checked="false" clickable="false" enabled="true" focusable="true" focused="false" long-clickable="false" password="false" scrollable="true" selected="false" bounds="[0,48][720,1280]" displayed="true"&gt;
                  &lt;android.view.ViewGroup index="0" package="com.mbcapp" class="android.view.ViewGroup" text="" checkable="false" checked="false" clickable="false" enabled="true" focusable="false" focused="false" long-clickable="false" password="false" scrollable="false" selected="false" bounds="[0,48][720,1280]" displayed="true"&gt;
                    &lt;android.view.ViewGroup index="0" package="com.mbcapp" class="android.view.ViewGroup" text="" checkable="false" checked="false" clickable="false" enabled="true" focusable="false" focused="false" long-clickable="false" password="false" scrollable="false" selected="false" bounds="[0,48][720,1280]" displayed="true"&gt;
                      &lt;android.widget.ImageView index="0" package="com.mbcapp" class="android.widget.ImageView" text="" checkable="false" checked="false" clickable="false" enabled="true" focusable="false" focused="false" long-clickable="false" password="false" scrollable="false" selected="false" bounds="[0,48][720,1280]" displayed="true" /&gt;
                      &lt;android.widget.ImageView index="1" package="com.mbcapp" class="android.widget.ImageView" text="" checkable="false" checked="false" clickable="false" enabled="true" focusable="false" focused="false" long-clickable="false" password="false" scrollable="false" selected="false" bounds="[0,48][720,1280]" displayed="true" /&gt;
                      &lt;android.view.ViewGroup index="2" package="com.mbcapp" class="android.view.ViewGroup" text="" checkable="false" checked="false" clickable="true" enabled="true" focusable="true" focused="false" long-clickable="false" password="false" scrollable="false" selected="false" bounds="[455,104][690,224]" displayed="true"&gt;
                        &lt;android.widget.TextView index="0" package="com.mbcapp" class="android.widget.TextView" text="Skip Tutorial" checkable="false" checked="false" clickable="false" enabled="true" focusable="false" focused="false" long-clickable="false" password="false" scrollable="false" selected="false" bounds="[455,104][626,145]" displayed="true" /&gt;
                        &lt;android.view.ViewGroup index="1" package="com.mbcapp" class="android.view.ViewGroup" text="" checkable="false" checked="false" clickable="false" enabled="true" focusable="false" focused="false" long-clickable="false" password="false" scrollable="false" selected="false" bounds="[646,110][680,144]" displayed="true"&gt;
                          &lt;android.widget.TextView index="0" package="com.mbcapp" class="android.widget.TextView" text="" checkable="false" checked="false" clickable="false" enabled="true" focusable="false" focused="false" long-clickable="false" password="false" scrollable="false" selected="false" bounds="[646,110][680,144]" displayed="true" /&gt;
                        &lt;/android.view.ViewGroup&gt;
                      &lt;/android.view.ViewGroup&gt;
                    &lt;/android.view.ViewGroup&gt;
                  &lt;/android.view.ViewGroup&gt;
                &lt;/android.widget.HorizontalScrollView&gt;
              &lt;/android.view.ViewGroup&gt;
            &lt;/android.view.ViewGroup&gt;
          &lt;/android.view.ViewGroup&gt;
        &lt;/android.widget.FrameLayout&gt;
      &lt;/android.widget.FrameLayout&gt;
    &lt;/android.widget.LinearLayout&gt;
  &lt;/android.widget.FrameLayout&gt;
&lt;/hierarchy&gt;</msg>
<kw name="Capture Page Screenshot" library="AppiumLibrary">
<doc>Takes a screenshot of the current page and embeds it into the log.</doc>
<msg timestamp="20220303 08:57:01.900" level="INFO" html="true">&lt;/td&gt;&lt;/tr&gt;&lt;tr&gt;&lt;td colspan="3"&gt;&lt;a href="appium-screenshot-2.png"&gt;&lt;img src="appium-screenshot-2.png" width="800px"&gt;&lt;/a&gt;</msg>
<status status="PASS" starttime="20220303 08:57:00.124" endtime="20220303 08:57:01.900"/>
</kw>
<msg timestamp="20220303 08:57:01.901" level="FAIL">Element '//android.widget.TextView[@text='Edit Profile']' did not appear in 5 seconds</msg>
<status status="FAIL" starttime="20220303 08:56:54.853" endtime="20220303 08:57:01.901"/>
</kw>
<kw name="Click Element" library="AppiumLibrary">
<arg>${locator}</arg>
<doc>Click element identified by `locator`.</doc>
<status status="NOT RUN" starttime="20220303 08:57:01.901" endtime="20220303 08:57:01.901"/>
</kw>
<status status="FAIL" starttime="20220303 08:56:54.853" endtime="20220303 08:57:01.903"/>
</kw>
<kw name="Sleep" library="BuiltIn">
<arg>5</arg>
<doc>Pauses the test executed for the given time.</doc>
<status status="NOT RUN" starttime="20220303 08:57:01.904" endtime="20220303 08:57:01.904"/>
</kw>
<kw name="Log To Console" library="BuiltIn">
<arg>'Edit Profile'</arg>
<doc>Logs the given message to the console.</doc>
<status status="NOT RUN" starttime="20220303 08:57:01.904" endtime="20220303 08:57:01.904"/>
</kw>
<kw name="Edit TextField" library="resources">
<arg>//android.widget.EditText[@index=2]</arg>
<arg>Test</arg>
<status status="NOT RUN" starttime="20220303 08:57:01.904" endtime="20220303 08:57:01.904"/>
</kw>
<kw name="Edit TextField" library="resources">
<arg>//android.widget.EditText[@index=3]</arg>
<arg>check</arg>
<status status="NOT RUN" starttime="20220303 08:57:01.905" endtime="20220303 08:57:01.905"/>
</kw>
<kw name="Swipe" library="AppiumLibrary">
<arg>335</arg>
<arg>1174</arg>
<arg>356</arg>
<arg>670</arg>
<doc>Swipe from one point to another point, for an optional duration.</doc>
<status status="NOT RUN" starttime="20220303 08:57:01.905" endtime="20220303 08:57:01.905"/>
</kw>
<kw name="Tap The Element" library="resources">
<arg>//android.widget.TextView[@text='SUBMIT']</arg>
<status status="NOT RUN" starttime="20220303 08:57:01.905" endtime="20220303 08:57:01.905"/>
</kw>
<kw name="Quit Application" library="AppiumLibrary" type="TEARDOWN">
<doc>Quit application. Application can be quit while Appium session is kept alive.
This keyword can be used to close application during test case or between test cases.</doc>
<status status="PASS" starttime="20220303 08:57:01.906" endtime="20220303 08:57:02.099"/>
</kw>
<tag>positive</tag>
<tag>sanity</tag>
<status status="FAIL" starttime="20220303 08:56:14.039" endtime="20220303 08:57:02.099">Element '//android.widget.TextView[@text='Edit Profile']' did not appear in 5 seconds</status>
</test>
<kw name="Close Application" library="AppiumLibrary" type="TEARDOWN">
<doc>Closes the current application and also close webdriver session.</doc>
<status status="PASS" starttime="20220303 08:57:02.104" endtime="20220303 08:57:02.322"/>
</kw>
<doc>A test case for a user is able to edit user profile</doc>
<status status="FAIL" starttime="20220303 08:55:54.906" endtime="20220303 08:57:02.323"/>
</suite>
<suite id="s1-s2" name="Forgot Password" source="/Users/qa_tester/Desktop/MBC-APP/Tests/MBC/Android/forgot_password.robot">
<kw name="Open MBC Application" library="resources" type="SETUP">
<kw name="Open Application" library="AppiumLibrary">
<arg>http://localhost:4723/wd/hub</arg>
<arg>platformName=Android</arg>
<arg>appPackage=${MBC-APPLICATION-ID}</arg>
<arg>appActivity=${MBC-APPLICATION-ACTIVITY}</arg>
<arg>udid=${ADB_NAME}</arg>
<arg>automationName=Uiautomator2</arg>
<doc>Opens a new application to given Appium server.
Capabilities of appium server, Android and iOS,
Please check https://github.com/appium/appium/blob/master/docs/en/writing-running-appium/server-args.md
| *Option*            | *Man.* | *Description*     |
| remote_url          | Yes    | Appium server url |
| alias               | no     | alias             |</doc>
<kw name="Capture Page Screenshot" library="AppiumLibrary">
<doc>Takes a screenshot of the current page and embeds it into the log.</doc>
<status status="FAIL" starttime="20220303 08:57:09.680" endtime="20220303 08:57:09.681"/>
</kw>
<msg timestamp="20220303 08:57:09.686" level="WARN">Keyword 'Capture Page Screenshot' could not be run on failure: Execution terminated by signal</msg>
<status status="FAIL" starttime="20220303 08:57:02.339" endtime="20220303 08:57:09.686"/>
</kw>
<status status="FAIL" starttime="20220303 08:57:02.338" endtime="20220303 08:57:09.686"/>
</kw>
<test id="s1-s2-t1" name="Forgot password test case">
<tag>robot:exit</tag>
<tag>sanity</tag>
<status status="FAIL" starttime="20220303 08:57:09.687" endtime="20220303 08:57:09.687">Test execution stopped due to a fatal error.</status>
</test>
<kw name="Close Application" library="AppiumLibrary" type="TEARDOWN">
<doc>Closes the current application and also close webdriver session.</doc>
<kw name="Capture Page Screenshot" library="AppiumLibrary">
<doc>Takes a screenshot of the current page and embeds it into the log.</doc>
<msg timestamp="20220303 08:57:09.694" level="FAIL">No application is open</msg>
<status status="FAIL" starttime="20220303 08:57:09.689" endtime="20220303 08:57:09.694"/>
</kw>
<msg timestamp="20220303 08:57:09.700" level="WARN">Keyword 'Capture Page Screenshot' could not be run on failure: No application is open</msg>
<msg timestamp="20220303 08:57:09.701" level="FAIL">No application is open</msg>
<status status="FAIL" starttime="20220303 08:57:09.688" endtime="20220303 08:57:09.701">No application is open</status>
</kw>
<doc>A test case for the user is able to forgot password</doc>
<status status="FAIL" starttime="20220303 08:57:02.327" endtime="20220303 08:57:09.701">Suite setup failed:
Execution terminated by signal

Also suite teardown failed:
No application is open</status>
</suite>
<suite id="s1-s3" name="Game" source="/Users/qa_tester/Desktop/MBC-APP/Tests/MBC/Android/game.robot">
<test id="s1-s3-t1" name="Admin create a game">
<tag>robot:exit</tag>
<status status="FAIL" starttime="20220303 08:57:09.703" endtime="20220303 08:57:09.704">Test execution stopped due to a fatal error.</status>
</test>
<doc>A test case for a user is able to create and join the game</doc>
<status status="FAIL" starttime="20220303 08:57:09.703" endtime="20220303 08:57:09.705"/>
</suite>
<suite id="s1-s4" name="Login" source="/Users/qa_tester/Desktop/MBC-APP/Tests/MBC/Android/login.robot">
<test id="s1-s4-t1" name="Login negative valid email and wrong password test case">
<doc>This is to be able to check a negative test case for a valid email and wrong password fields.</doc>
<tag>invalid_credentials</tag>
<tag>negative</tag>
<tag>robot:exit</tag>
<status status="FAIL" starttime="20220303 08:57:09.714" endtime="20220303 08:57:09.715">Test execution stopped due to a fatal error.</status>
</test>
<test id="s1-s4-t2" name="Login negative wrong email and valid password test case">
<doc>This is to be able to check a negative test case for a wrong email and valid password fields.</doc>
<tag>invalid_credentials</tag>
<tag>negative</tag>
<tag>robot:exit</tag>
<status status="FAIL" starttime="20220303 08:57:09.715" endtime="20220303 08:57:09.717">Test execution stopped due to a fatal error.</status>
</test>
<test id="s1-s4-t3" name="Login positive test case">
<tag>positive</tag>
<tag>robot:exit</tag>
<tag>sanity</tag>
<status status="FAIL" starttime="20220303 08:57:09.717" endtime="20220303 08:57:09.718">Test execution stopped due to a fatal error.</status>
</test>
<doc>A test case for a user is able to log in and check the validation messages</doc>
<status status="FAIL" starttime="20220303 08:57:09.706" endtime="20220303 08:57:09.719"/>
</suite>
<suite id="s1-s5" name="login with FB" source="/Users/qa_tester/Desktop/MBC-APP/Tests/MBC/Android/login_with_FB.robot">
<test id="s1-s5-t1" name="Login with Facebook test case">
<tag>robot:exit</tag>
<tag>sanity</tag>
<status status="FAIL" starttime="20220303 08:57:09.723" endtime="20220303 08:57:09.725">Test execution stopped due to a fatal error.</status>
</test>
<doc>A test case for user is able to sign up and login with facebook</doc>
<status status="FAIL" starttime="20220303 08:57:09.722" endtime="20220303 08:57:09.725"/>
</suite>
<suite id="s1-s6" name="Login With Gmail" source="/Users/qa_tester/Desktop/MBC-APP/Tests/MBC/Android/login_with_gmail.robot">
<test id="s1-s6-t1" name="Login with Gmail test case">
<tag>robot:exit</tag>
<tag>sanity</tag>
<status status="FAIL" starttime="20220303 08:57:09.728" endtime="20220303 08:57:09.729">Test execution stopped due to a fatal error.</status>
</test>
<doc>A test case for user is able to sign up and login with gmail</doc>
<status status="FAIL" starttime="20220303 08:57:09.727" endtime="20220303 08:57:09.729"/>
</suite>
<suite id="s1-s7" name="Notification" source="/Users/qa_tester/Desktop/MBC-APP/Tests/MBC/Android/notification.robot">
<test id="s1-s7-t1" name="Notification test case">
<tag>positive</tag>
<tag>robot:exit</tag>
<tag>sanity</tag>
<status status="FAIL" starttime="20220303 08:57:09.731" endtime="20220303 08:57:09.732">Test execution stopped due to a fatal error.</status>
</test>
<doc>A test case for a user is able to view notification</doc>
<status status="FAIL" starttime="20220303 08:57:09.730" endtime="20220303 08:57:09.733"/>
</suite>
<suite id="s1-s8" name="Papremyo" source="/Users/qa_tester/Desktop/MBC-APP/Tests/MBC/Android/papremyo.robot">
<test id="s1-s8-t1" name="My Papremyo test case">
<tag>positive</tag>
<tag>robot:exit</tag>
<tag>sanity</tag>
<status status="FAIL" starttime="20220303 08:57:09.736" endtime="20220303 08:57:09.737">Test execution stopped due to a fatal error.</status>
</test>
<doc>A test case for a user is able to view My Papremyo list screen</doc>
<status status="FAIL" starttime="20220303 08:57:09.735" endtime="20220303 08:57:09.738"/>
</suite>
<suite id="s1-s9" name="Privacy Policy" source="/Users/qa_tester/Desktop/MBC-APP/Tests/MBC/Android/privacy_policy.robot">
<test id="s1-s9-t1" name="Privacy Policy test case">
<tag>positive</tag>
<tag>robot:exit</tag>
<tag>sanity</tag>
<status status="FAIL" starttime="20220303 08:57:09.747" endtime="20220303 08:57:09.748">Test execution stopped due to a fatal error.</status>
</test>
<doc>A test case for a user is able to view privacy policy screen</doc>
<status status="FAIL" starttime="20220303 08:57:09.744" endtime="20220303 08:57:09.749"/>
</suite>
<suite id="s1-s10" name="Radio Station" source="/Users/qa_tester/Desktop/MBC-APP/Tests/MBC/Android/radio_station.robot">
<test id="s1-s10-t1" name="Radio Station test case">
<tag>positive</tag>
<tag>robot:exit</tag>
<tag>sanity</tag>
<status status="FAIL" starttime="20220303 08:57:09.751" endtime="20220303 08:57:09.752">Test execution stopped due to a fatal error.</status>
</test>
<doc>A test case for a user is able to view radio station and use the functionality (mute and unmute, play and pause ...)</doc>
<status status="FAIL" starttime="20220303 08:57:09.750" endtime="20220303 08:57:09.752"/>
</suite>
<suite id="s1-s11" name="Sign Up" source="/Users/qa_tester/Desktop/MBC-APP/Tests/MBC/Android/sign_up.robot">
<test id="s1-s11-t1" name="Negative Test Case">
<doc>This is to be able to check a negative test case for email already taken</doc>
<tag>email_already_exist</tag>
<tag>negative</tag>
<tag>robot:exit</tag>
<status status="FAIL" starttime="20220303 08:57:09.754" endtime="20220303 08:57:09.755">Test execution stopped due to a fatal error.</status>
</test>
<test id="s1-s11-t2" name="Positive Test Case">
<doc>This is to be able to check a positive test case for email already taken</doc>
<tag>positive</tag>
<tag>robot:exit</tag>
<tag>sanity</tag>
<status status="FAIL" starttime="20220303 08:57:09.756" endtime="20220303 08:57:09.757">Test execution stopped due to a fatal error.</status>
</test>
<doc>A test case for user is able to register

This test has a workflow that is created using keywords in
the imported resource file.</doc>
<status status="FAIL" starttime="20220303 08:57:09.753" endtime="20220303 08:57:09.757"/>
</suite>
<suite id="s1-s12" name="Terms Of Use" source="/Users/qa_tester/Desktop/MBC-APP/Tests/MBC/Android/terms_of_use.robot">
<test id="s1-s12-t1" name="Terms of Use test case">
<tag>positive</tag>
<tag>robot:exit</tag>
<tag>sanity</tag>
<status status="FAIL" starttime="20220303 08:57:09.759" endtime="20220303 08:57:09.761">Test execution stopped due to a fatal error.</status>
</test>
<doc>A test case for a user is able to view terms of use screen</doc>
<status status="FAIL" starttime="20220303 08:57:09.758" endtime="20220303 08:57:09.761"/>
</suite>
<status status="FAIL" starttime="20220303 08:55:54.868" endtime="20220303 08:57:09.764"/>
</suite>
<statistics>
<total>
<stat pass="0" fail="15" skip="0">All Tests</stat>
</total>
<tag>
<stat pass="0" fail="1" skip="0" info="combined" combined="NOT robot:exit">NOT robot:exit</stat>
<stat pass="0" fail="1" skip="0">email_already_exist</stat>
<stat pass="0" fail="2" skip="0">invalid_credentials</stat>
<stat pass="0" fail="3" skip="0">negative</stat>
<stat pass="0" fail="8" skip="0">positive</stat>
<stat pass="0" fail="11" skip="0">sanity</stat>
</tag>
<suite>
<stat pass="0" fail="15" skip="0" id="s1" name="Android">Android</stat>
<stat pass="0" fail="1" skip="0" id="s1-s1" name="Edit Profile">Android.Edit Profile</stat>
<stat pass="0" fail="1" skip="0" id="s1-s2" name="Forgot Password">Android.Forgot Password</stat>
<stat pass="0" fail="1" skip="0" id="s1-s3" name="Game">Android.Game</stat>
<stat pass="0" fail="3" skip="0" id="s1-s4" name="Login">Android.Login</stat>
<stat pass="0" fail="1" skip="0" id="s1-s5" name="login with FB">Android.login with FB</stat>
<stat pass="0" fail="1" skip="0" id="s1-s6" name="Login With Gmail">Android.Login With Gmail</stat>
<stat pass="0" fail="1" skip="0" id="s1-s7" name="Notification">Android.Notification</stat>
<stat pass="0" fail="1" skip="0" id="s1-s8" name="Papremyo">Android.Papremyo</stat>
<stat pass="0" fail="1" skip="0" id="s1-s9" name="Privacy Policy">Android.Privacy Policy</stat>
<stat pass="0" fail="1" skip="0" id="s1-s10" name="Radio Station">Android.Radio Station</stat>
<stat pass="0" fail="2" skip="0" id="s1-s11" name="Sign Up">Android.Sign Up</stat>
<stat pass="0" fail="1" skip="0" id="s1-s12" name="Terms Of Use">Android.Terms Of Use</stat>
</suite>
</statistics>
<errors>
<msg timestamp="20220303 08:57:09.686" level="WARN">Keyword 'Capture Page Screenshot' could not be run on failure: Execution terminated by signal</msg>
<msg timestamp="20220303 08:57:09.700" level="WARN">Keyword 'Capture Page Screenshot' could not be run on failure: No application is open</msg>
</errors>
</robot>
